2021-01-17 15:40:18.101 EST [12892] LOG:  starting PostgreSQL 13.1, compiled by Visual C++ build 1914, 64-bit
2021-01-17 15:40:18.103 EST [12892] LOG:  listening on IPv6 address "::", port 5432
2021-01-17 15:40:18.103 EST [12892] LOG:  listening on IPv4 address "0.0.0.0", port 5432
2021-01-17 15:40:18.134 EST [14964] LOG:  database system was shut down at 2021-01-17 15:40:12 EST
2021-01-17 15:40:18.147 EST [12892] LOG:  database system is ready to accept connections
2021-01-17 18:26:37.893 EST [17064] LOG:  could not receive data from client: An existing connection was forcibly closed by the remote host.
	
2021-01-17 18:26:51.640 EST [9180] LOG:  could not receive data from client: An existing connection was forcibly closed by the remote host.
	
2021-01-17 19:44:09.029 EST [7548] LOG:  could not receive data from client: An existing connection was forcibly closed by the remote host.
	
2021-01-17 19:44:17.213 EST [7452] LOG:  could not receive data from client: An existing connection was forcibly closed by the remote host.
	
2021-01-17 19:44:43.045 EST [20188] LOG:  could not receive data from client: An existing connection was forcibly closed by the remote host.
	
2021-01-17 19:45:39.755 EST [14372] LOG:  could not receive data from client: An existing connection was forcibly closed by the remote host.
	
2021-01-17 19:51:14.947 EST [1724] LOG:  could not receive data from client: An existing connection was forcibly closed by the remote host.
	
2021-01-17 19:58:38.207 EST [19464] LOG:  could not receive data from client: An existing connection was forcibly closed by the remote host.
	
2021-01-17 20:00:01.435 EST [15912] LOG:  could not receive data from client: An existing connection was forcibly closed by the remote host.
	
2021-01-17 20:03:02.069 EST [10500] LOG:  could not receive data from client: An existing connection was forcibly closed by the remote host.
	
2021-01-17 20:03:35.212 EST [21636] LOG:  could not receive data from client: An existing connection was forcibly closed by the remote host.
	
2021-01-17 20:05:38.860 EST [18520] LOG:  could not receive data from client: An existing connection was forcibly closed by the remote host.
	
2021-01-17 20:05:39.966 EST [14464] LOG:  could not receive data from client: An existing connection was forcibly closed by the remote host.
	
2021-01-17 20:06:32.428 EST [21772] LOG:  could not receive data from client: An existing connection was forcibly closed by the remote host.
	
2021-01-17 20:07:25.812 EST [8960] LOG:  could not receive data from client: An existing connection was forcibly closed by the remote host.
	
2021-01-17 20:07:41.647 EST [6740] LOG:  could not receive data from client: An existing connection was forcibly closed by the remote host.
	
2021-01-17 20:08:52.665 EST [22004] LOG:  could not receive data from client: An existing connection was forcibly closed by the remote host.
	
2021-01-17 20:08:56.861 EST [15112] LOG:  could not receive data from client: An existing connection was forcibly closed by the remote host.
	
2021-01-17 20:08:56.861 EST [14524] LOG:  could not receive data from client: An existing connection was forcibly closed by the remote host.
	
2021-01-17 20:09:03.394 EST [5540] ERROR:  canceling statement due to user request
2021-01-17 20:09:03.395 EST [12892] LOG:  received fast shutdown request
2021-01-17 20:09:03.398 EST [12892] LOG:  aborting any active transactions
2021-01-17 20:09:03.398 EST [12892] LOG:  background worker "logical replication launcher" (PID 5540) exited with exit code 1
2021-01-17 20:09:03.404 EST [4428] LOG:  shutting down
2021-01-17 20:09:03.445 EST [12892] LOG:  database system is shut down
